[1/27/2025, 6:19:08 PM] KRW-FCT2의 시가 : 82.45, 현재가: 84.49. 
                증가폭 2.4742268041237017%. 세력 작업중으로 추정
[1/27/2025, 6:19:32 PM] KRW-FCT2의 시가 : 82.45, 현재가: 84.58. 
                증가폭 2.5833838690115165%. 세력 작업중으로 추정
[1/27/2025, 6:19:55 PM] KRW-FCT2의 시가 : 82.45, 현재가: 84.26. 
                증가폭 2.1952698605215306%. 세력 작업중으로 추정
[1/27/2025, 6:20:19 PM] KRW-FCT2의 시가 : 82.45, 현재가: 84.5. 
                증가폭 2.48635536688902%. 세력 작업중으로 추정
[1/27/2025, 6:20:43 PM] KRW-FCT2의 시가 : 82.45, 현재가: 84.32. 
                증가폭 2.26804123711339%. 세력 작업중으로 추정
[1/27/2025, 6:21:06 PM] KRW-FCT2의 시가 : 82.45, 현재가: 84.36. 
                증가폭 2.316555488174647%. 세력 작업중으로 추정
[1/27/2025, 6:21:30 PM] KRW-FCT2의 시가 : 82.45, 현재가: 84.59. 
                증가폭 2.595512431776835%. 세력 작업중으로 추정
[1/27/2025, 6:21:53 PM] KRW-FCT2의 시가 : 82.45, 현재가: 84.56. 
                증가폭 2.559126743480897%. 세력 작업중으로 추정
[1/27/2025, 6:22:16 PM] KRW-FCT2의 시가 : 82.45, 현재가: 84.27. 
                증가폭 2.2073984232868322%. 세력 작업중으로 추정
[1/27/2025, 6:22:39 PM] KRW-FCT2의 시가 : 82.45, 현재가: 83.76. 
                증가폭 1.5888417222559155%. 세력 작업중으로 추정
[1/27/2025, 6:23:03 PM] KRW-FCT2의 시가 : 82.45, 현재가: 84.2. 
                증가폭 2.1224984839296543%. 세력 작업중으로 추정
[1/27/2025, 6:23:26 PM] KRW-FCT2의 시가 : 82.45, 현재가: 84.19. 
                증가폭 2.110369921164336%. 세력 작업중으로 추정
[1/27/2025, 6:23:49 PM] KRW-FCT2의 시가 : 82.45, 현재가: 84.64. 
                증가폭 2.6561552456033932%. 세력 작업중으로 추정
[1/27/2025, 6:24:12 PM] KRW-FCT2의 시가 : 82.45, 현재가: 84.99. 
                증가폭 3.080654942389317%. 세력 작업중으로 추정
[1/27/2025, 6:24:36 PM] KRW-FCT2의 시가 : 82.45, 현재가: 85. 
                증가폭 3.0927835051546353%. 세력 작업중으로 추정
[1/27/2025, 6:25:00 PM] KRW-FCT2의 시가 : 82.45, 현재가: 84.91. 
                증가폭 2.9836264402668204%. 세력 작업중으로 추정
[1/27/2025, 6:25:23 PM] KRW-FCT2의 시가 : 82.45, 현재가: 84.64. 
                증가폭 2.6561552456033932%. 세력 작업중으로 추정
[1/27/2025, 6:25:47 PM] KRW-FCT2의 시가 : 82.45, 현재가: 84.47. 
                증가폭 2.449969678593082%. 세력 작업중으로 추정
[1/27/2025, 6:26:10 PM] KRW-FCT2의 시가 : 82.45, 현재가: 84.55. 
                증가폭 2.5469981807155784%. 세력 작업중으로 추정
[1/27/2025, 6:26:34 PM] KRW-FCT2의 시가 : 82.45, 현재가: 84.67. 
                증가폭 2.6925409338993314%. 세력 작업중으로 추정
[1/27/2025, 6:26:57 PM] KRW-FCT2의 시가 : 82.45, 현재가: 84.8. 
                증가폭 2.850212249848386%. 세력 작업중으로 추정
[1/27/2025, 6:27:21 PM] KRW-FCT2의 시가 : 82.45, 현재가: 84.76. 
                증가폭 2.801697998787146%. 세력 작업중으로 추정
[1/27/2025, 6:27:45 PM] KRW-FCT2의 시가 : 82.45, 현재가: 85.28. 
                증가폭 3.4323832625833814%. 세력 작업중으로 추정
[1/27/2025, 6:28:09 PM] KRW-FCT2의 시가 : 82.45, 현재가: 85.32. 
                증가폭 3.4808975136446216%. 세력 작업중으로 추정
[1/27/2025, 6:28:33 PM] KRW-FCT2의 시가 : 82.45, 현재가: 85.2. 
                증가폭 3.3353547604608855%. 세력 작업중으로 추정
[1/27/2025, 6:28:57 PM] KRW-FCT2의 시가 : 82.45, 현재가: 85.21. 
                증가폭 3.3474833232261867%. 세력 작업중으로 추정
[1/27/2025, 6:29:22 PM] KRW-FCT2의 시가 : 82.45, 현재가: 85.69. 
                증가폭 3.929654335961182%. 세력 작업중으로 추정
[1/27/2025, 6:29:46 PM] KRW-FCT2의 시가 : 82.45, 현재가: 85.43. 
                증가폭 3.614311704063073%. 세력 작업중으로 추정
[1/27/2025, 8:18:11 PM] KRW-JUP의 시가 : 1496, 현재가: 1582. 
                증가폭 5.748663101604278%. 세력 작업중으로 추정
[1/27/2025, 8:18:11 PM] Buy Order placed for KRW-JUP: at 1582
[1/27/2025, 8:18:34 PM] KRW-JUP의 시가 : 1496, 현재가: 1580. 
                증가폭 5.614973262032086%. 세력 작업중으로 추정
[1/27/2025, 8:18:57 PM] KRW-JUP의 시가 : 1496, 현재가: 1581. 
                증가폭 5.681818181818182%. 세력 작업중으로 추정
[1/27/2025, 8:19:21 PM] KRW-JUP의 시가 : 1496, 현재가: 1599. 
                증가폭 6.885026737967914%. 세력 작업중으로 추정
[1/27/2025, 8:19:44 PM] KRW-JUP의 시가 : 1496, 현재가: 1599. 
                증가폭 6.885026737967914%. 세력 작업중으로 추정
[1/27/2025, 8:20:08 PM] KRW-JUP의 시가 : 1496, 현재가: 1604. 
                증가폭 7.219251336898395%. 세력 작업중으로 추정
[1/27/2025, 8:20:33 PM] KRW-JUP의 시가 : 1496, 현재가: 1605. 
                증가폭 7.286096256684492%. 세력 작업중으로 추정
[1/27/2025, 8:20:56 PM] KRW-JUP의 시가 : 1496, 현재가: 1609. 
                증가폭 7.553475935828876%. 세력 작업중으로 추정
[1/27/2025, 8:21:19 PM] KRW-JUP의 시가 : 1496, 현재가: 1599. 
                증가폭 6.885026737967914%. 세력 작업중으로 추정
[1/27/2025, 8:21:43 PM] KRW-JUP의 시가 : 1496, 현재가: 1596. 
                증가폭 6.684491978609626%. 세력 작업중으로 추정
[1/27/2025, 8:22:06 PM] KRW-JUP의 시가 : 1496, 현재가: 1602. 
                증가폭 7.0855614973262036%. 세력 작업중으로 추정
[1/27/2025, 8:22:29 PM] KRW-JUP의 시가 : 1496, 현재가: 1606. 
                증가폭 7.352941176470589%. 세력 작업중으로 추정
[1/27/2025, 8:22:52 PM] KRW-JUP의 시가 : 1496, 현재가: 1612. 
                증가폭 7.754010695187167%. 세력 작업중으로 추정
[1/27/2025, 8:23:16 PM] KRW-JUP의 시가 : 1496, 현재가: 1619. 
                증가폭 8.221925133689838%. 세력 작업중으로 추정
[1/27/2025, 8:23:40 PM] KRW-JUP의 시가 : 1496, 현재가: 1618. 
                증가폭 8.155080213903744%. 세력 작업중으로 추정
[1/27/2025, 8:24:05 PM] KRW-JUP의 시가 : 1496, 현재가: 1625. 
                증가폭 8.622994652406417%. 세력 작업중으로 추정
[1/27/2025, 8:24:28 PM] KRW-JUP의 시가 : 1496, 현재가: 1624. 
                증가폭 8.55614973262032%. 세력 작업중으로 추정
[1/27/2025, 8:24:51 PM] KRW-JUP의 시가 : 1496, 현재가: 1635. 
                증가폭 9.29144385026738%. 세력 작업중으로 추정
[1/27/2025, 8:25:14 PM] KRW-JUP의 시가 : 1496, 현재가: 1635. 
                증가폭 9.29144385026738%. 세력 작업중으로 추정
[1/27/2025, 8:25:38 PM] KRW-JUP의 시가 : 1496, 현재가: 1630. 
                증가폭 8.957219251336898%. 세력 작업중으로 추정
[1/27/2025, 8:26:01 PM] KRW-JUP의 시가 : 1496, 현재가: 1629. 
                증가폭 8.890374331550802%. 세력 작업중으로 추정
[1/27/2025, 8:26:25 PM] KRW-JUP의 시가 : 1496, 현재가: 1631. 
                증가폭 9.024064171122994%. 세력 작업중으로 추정
[1/27/2025, 8:26:49 PM] KRW-JUP의 시가 : 1496, 현재가: 1636. 
                증가폭 9.358288770053475%. 세력 작업중으로 추정
[1/27/2025, 8:27:13 PM] KRW-JUP의 시가 : 1496, 현재가: 1625. 
                증가폭 8.622994652406417%. 세력 작업중으로 추정
[1/27/2025, 8:27:38 PM] KRW-JUP의 시가 : 1496, 현재가: 1606. 
                증가폭 7.352941176470589%. 세력 작업중으로 추정
[1/27/2025, 8:28:01 PM] KRW-JUP의 시가 : 1496, 현재가: 1616. 
                증가폭 8.02139037433155%. 세력 작업중으로 추정
[1/27/2025, 8:28:24 PM] KRW-JUP의 시가 : 1496, 현재가: 1616. 
                증가폭 8.02139037433155%. 세력 작업중으로 추정
[1/27/2025, 8:28:47 PM] KRW-JUP의 시가 : 1496, 현재가: 1620. 
                증가폭 8.288770053475936%. 세력 작업중으로 추정
[1/27/2025, 8:29:11 PM] KRW-JUP의 시가 : 1496, 현재가: 1631. 
                증가폭 9.024064171122994%. 세력 작업중으로 추정
[1/27/2025, 8:29:34 PM] KRW-JUP의 시가 : 1496, 현재가: 1641. 
                증가폭 9.692513368983956%. 세력 작업중으로 추정
[1/27/2025, 8:29:58 PM] KRW-JUP의 시가 : 1496, 현재가: 1640. 
                증가폭 9.62566844919786%. 세력 작업중으로 추정
[1/27/2025, 8:30:50 PM] Sell Order placed for KRW-JUP: at 1671
[1/27/2025, 8:41:06 PM] KRW-FCT2의 시가 : 80, 현재가: 81.64. 
                증가폭 2.0500000000000007%. 세력 작업중으로 추정
[1/27/2025, 8:41:30 PM] KRW-FCT2의 시가 : 80, 현재가: 81.36. 
                증가폭 1.6999999999999995%. 세력 작업중으로 추정
[1/27/2025, 8:41:53 PM] KRW-FCT2의 시가 : 80, 현재가: 81.2. 
                증가폭 1.5000000000000036%. 세력 작업중으로 추정
[1/27/2025, 8:42:39 PM] KRW-FCT2의 시가 : 80, 현재가: 81.25. 
                증가폭 1.5625%. 세력 작업중으로 추정
[1/27/2025, 8:43:03 PM] KRW-FCT2의 시가 : 80, 현재가: 81.58. 
                증가폭 1.9749999999999979%. 세력 작업중으로 추정
[1/27/2025, 8:43:28 PM] KRW-FCT2의 시가 : 80, 현재가: 81.68. 
                증가폭 2.1000000000000085%. 세력 작업중으로 추정
[1/27/2025, 8:43:51 PM] KRW-FCT2의 시가 : 80, 현재가: 81.56. 
                증가폭 1.9500000000000028%. 세력 작업중으로 추정
[1/27/2025, 8:44:38 PM] KRW-FCT2의 시가 : 80, 현재가: 81.21. 
                증가폭 1.5124999999999922%. 세력 작업중으로 추정
[1/27/2025, 8:45:02 PM] KRW-FCT2의 시가 : 80, 현재가: 81.27. 
                증가폭 1.5874999999999952%. 세력 작업중으로 추정
[1/27/2025, 8:45:25 PM] KRW-FCT2의 시가 : 80, 현재가: 81.34. 
                증가폭 1.6750000000000043%. 세력 작업중으로 추정
[1/27/2025, 9:07:50 PM] KRW-JUP의 시가 : 1630, 현재가: 1675. 
                증가폭 2.7607361963190185%. 세력 작업중으로 추정
[1/27/2025, 9:07:50 PM] Buy Order placed for KRW-JUP: at 1675
[1/27/2025, 9:08:14 PM] KRW-JUP의 시가 : 1630, 현재가: 1673. 
                증가폭 2.638036809815951%. 세력 작업중으로 추정
[1/27/2025, 9:08:37 PM] KRW-JUP의 시가 : 1630, 현재가: 1669. 
                증가폭 2.392638036809816%. 세력 작업중으로 추정
[1/27/2025, 9:09:00 PM] KRW-JUP의 시가 : 1630, 현재가: 1673. 
                증가폭 2.638036809815951%. 세력 작업중으로 추정
[1/27/2025, 9:09:24 PM] KRW-JUP의 시가 : 1630, 현재가: 1663. 
                증가폭 2.024539877300614%. 세력 작업중으로 추정
[1/27/2025, 9:09:47 PM] KRW-JUP의 시가 : 1630, 현재가: 1661. 
                증가폭 1.9018404907975461%. 세력 작업중으로 추정
[1/27/2025, 9:10:10 PM] KRW-JUP의 시가 : 1630, 현재가: 1659. 
                증가폭 1.7791411042944787%. 세력 작업중으로 추정
[1/27/2025, 9:10:34 PM] KRW-JUP의 시가 : 1630, 현재가: 1659. 
                증가폭 1.7791411042944787%. 세력 작업중으로 추정
[1/27/2025, 9:10:57 PM] KRW-JUP의 시가 : 1630, 현재가: 1655. 
                증가폭 1.5337423312883436%. 세력 작업중으로 추정
[1/27/2025, 9:12:31 PM] KRW-JUP의 시가 : 1630, 현재가: 1656. 
                증가폭 1.5950920245398774%. 세력 작업중으로 추정
[1/27/2025, 9:12:55 PM] KRW-JUP의 시가 : 1630, 현재가: 1656. 
                증가폭 1.5950920245398774%. 세력 작업중으로 추정
[1/27/2025, 9:13:18 PM] KRW-JUP의 시가 : 1630, 현재가: 1664. 
                증가폭 2.085889570552147%. 세력 작업중으로 추정
[1/27/2025, 9:13:41 PM] KRW-JUP의 시가 : 1630, 현재가: 1659. 
                증가폭 1.7791411042944787%. 세력 작업중으로 추정
[1/27/2025, 9:14:05 PM] KRW-JUP의 시가 : 1630, 현재가: 1657. 
                증가폭 1.6564417177914113%. 세력 작업중으로 추정
[1/27/2025, 9:14:28 PM] KRW-JUP의 시가 : 1630, 현재가: 1656. 
                증가폭 1.5950920245398774%. 세력 작업중으로 추정
[1/27/2025, 9:15:16 PM] KRW-JUP의 시가 : 1630, 현재가: 1657. 
                증가폭 1.6564417177914113%. 세력 작업중으로 추정
[1/27/2025, 9:15:39 PM] KRW-JUP의 시가 : 1630, 현재가: 1663. 
                증가폭 2.024539877300614%. 세력 작업중으로 추정
[1/27/2025, 9:16:02 PM] KRW-JUP의 시가 : 1630, 현재가: 1669. 
                증가폭 2.392638036809816%. 세력 작업중으로 추정
[1/27/2025, 9:16:26 PM] KRW-JUP의 시가 : 1630, 현재가: 1664. 
                증가폭 2.085889570552147%. 세력 작업중으로 추정
[1/27/2025, 9:16:50 PM] KRW-JUP의 시가 : 1630, 현재가: 1659. 
                증가폭 1.7791411042944787%. 세력 작업중으로 추정
[1/27/2025, 9:17:13 PM] KRW-JUP의 시가 : 1630, 현재가: 1664. 
                증가폭 2.085889570552147%. 세력 작업중으로 추정
[1/27/2025, 9:19:37 PM] KRW-JUP의 시가 : 1630, 현재가: 1656. 
                증가폭 1.5950920245398774%. 세력 작업중으로 추정
[1/27/2025, 9:20:47 PM] KRW-JUP의 시가 : 1630, 현재가: 1667. 
                증가폭 2.2699386503067487%. 세력 작업중으로 추정
[1/27/2025, 9:21:34 PM] KRW-JUP의 시가 : 1630, 현재가: 1657. 
                증가폭 1.6564417177914113%. 세력 작업중으로 추정
[1/27/2025, 9:21:57 PM] KRW-JUP의 시가 : 1630, 현재가: 1656. 
                증가폭 1.5950920245398774%. 세력 작업중으로 추정
[1/27/2025, 9:27:54 PM] Sell Order placed for KRW-JUP: at 1615
[1/27/2025, 9:42:32 PM] KRW-FCT2의 시가 : 80.38, 현재가: 83. 
                증가폭 3.2595172928589258%. 세력 작업중으로 추정
[1/27/2025, 9:42:55 PM] KRW-FCT2의 시가 : 80.38, 현재가: 82.82. 
                증가폭 3.035580990296091%. 세력 작업중으로 추정
[1/27/2025, 9:43:18 PM] KRW-FCT2의 시가 : 80.38, 현재가: 82.51. 
                증가폭 2.6499129136601263%. 세력 작업중으로 추정
[1/27/2025, 9:43:42 PM] KRW-FCT2의 시가 : 80.38, 현재가: 82.66. 
                증가폭 2.836526499129138%. 세력 작업중으로 추정
[1/27/2025, 9:44:05 PM] KRW-FCT2의 시가 : 80.38, 현재가: 82.48. 
                증가폭 2.612590196566321%. 세력 작업중으로 추정
[1/27/2025, 9:44:29 PM] KRW-FCT2의 시가 : 80.38, 현재가: 82.51. 
                증가폭 2.6499129136601263%. 세력 작업중으로 추정
[1/27/2025, 9:44:52 PM] KRW-FCT2의 시가 : 80.38, 현재가: 82.49. 
                증가폭 2.625031102264244%. 세력 작업중으로 추정
[1/27/2025, 9:45:15 PM] KRW-FCT2의 시가 : 80.38, 현재가: 82.16. 
                증가폭 2.2144812142323977%. 세력 작업중으로 추정
[1/27/2025, 9:45:39 PM] KRW-FCT2의 시가 : 80.38, 현재가: 81.98. 
                증가폭 1.9905449116695801%. 세력 작업중으로 추정
[1/27/2025, 9:46:05 PM] KRW-FCT2의 시가 : 80.38, 현재가: 81.85. 
                증가폭 1.8288131375964158%. 세력 작업중으로 추정
[1/27/2025, 9:46:28 PM] KRW-FCT2의 시가 : 80.38, 현재가: 81.8. 
                증가폭 1.7666086091067452%. 세력 작업중으로 추정
[1/27/2025, 9:53:53 PM] KRW-FCT2의 시가 : 80.38, 현재가: 81.71. 
                증가폭 1.6546404578253275%. 세력 작업중으로 추정
[1/27/2025, 9:54:17 PM] KRW-FCT2의 시가 : 80.38, 현재가: 81.69. 
                증가폭 1.6297586464294629%. 세력 작업중으로 추정
[1/27/2025, 10:18:21 PM] KRW-JUP의 시가 : 1631, 현재가: 1672. 
                증가폭 2.5137952176578784%. 세력 작업중으로 추정
[1/27/2025, 10:18:21 PM] Buy Order placed for KRW-JUP: at 1672
[1/27/2025, 10:18:44 PM] KRW-JUP의 시가 : 1631, 현재가: 1664. 
                증가폭 2.023298589822195%. 세력 작업중으로 추정
[1/27/2025, 10:19:07 PM] KRW-JUP의 시가 : 1631, 현재가: 1664. 
                증가폭 2.023298589822195%. 세력 작업중으로 추정
[1/27/2025, 10:19:54 PM] KRW-JUP의 시가 : 1631, 현재가: 1659. 
                증가폭 1.7167381974248928%. 세력 작업중으로 추정
[1/27/2025, 10:20:17 PM] KRW-JUP의 시가 : 1631, 현재가: 1670. 
                증가폭 2.391171060698958%. 세력 작업중으로 추정
[1/27/2025, 10:20:41 PM] KRW-JUP의 시가 : 1631, 현재가: 1681. 
                증가폭 3.065603923973023%. 세력 작업중으로 추정
[1/27/2025, 10:21:05 PM] KRW-JUP의 시가 : 1631, 현재가: 1691. 
                증가폭 3.678724708767627%. 세력 작업중으로 추정
[1/27/2025, 10:21:28 PM] KRW-JUP의 시가 : 1631, 현재가: 1697. 
                증가폭 4.04659717964439%. 세력 작업중으로 추정
[1/27/2025, 10:21:51 PM] KRW-JUP의 시가 : 1631, 현재가: 1691. 
                증가폭 3.678724708767627%. 세력 작업중으로 추정
[1/27/2025, 10:22:14 PM] KRW-JUP의 시가 : 1631, 현재가: 1679. 
                증가폭 2.942979767014102%. 세력 작업중으로 추정
[1/27/2025, 10:22:37 PM] KRW-JUP의 시가 : 1631, 현재가: 1687. 
                증가폭 3.4334763948497855%. 세력 작업중으로 추정
[1/27/2025, 10:23:00 PM] KRW-JUP의 시가 : 1631, 현재가: 1675. 
                증가폭 2.6977314530962597%. 세력 작업중으로 추정
[1/27/2025, 10:23:24 PM] KRW-JUP의 시가 : 1631, 현재가: 1683. 
                증가폭 3.188228080931944%. 세력 작업중으로 추정
[1/27/2025, 10:23:47 PM] KRW-JUP의 시가 : 1631, 현재가: 1682. 
                증가폭 3.126916002452483%. 세력 작업중으로 추정
[1/27/2025, 10:24:10 PM] KRW-JUP의 시가 : 1631, 현재가: 1673. 
                증가폭 2.575107296137339%. 세력 작업중으로 추정
[1/27/2025, 10:24:33 PM] KRW-JUP의 시가 : 1631, 현재가: 1666. 
                증가폭 2.1459227467811157%. 세력 작업중으로 추정
[1/27/2025, 10:24:57 PM] KRW-JUP의 시가 : 1631, 현재가: 1671. 
                증가폭 2.452483139178418%. 세력 작업중으로 추정
[1/27/2025, 10:25:20 PM] KRW-JUP의 시가 : 1631, 현재가: 1675. 
                증가폭 2.6977314530962597%. 세력 작업중으로 추정
[1/27/2025, 10:25:43 PM] KRW-JUP의 시가 : 1631, 현재가: 1670. 
                증가폭 2.391171060698958%. 세력 작업중으로 추정
[1/27/2025, 10:26:07 PM] KRW-JUP의 시가 : 1631, 현재가: 1668. 
                증가폭 2.2685469037400368%. 세력 작업중으로 추정
[1/27/2025, 10:26:30 PM] KRW-JUP의 시가 : 1631, 현재가: 1665. 
                증가폭 2.0846106683016554%. 세력 작업중으로 추정
[1/27/2025, 10:26:53 PM] KRW-JUP의 시가 : 1631, 현재가: 1672. 
                증가폭 2.5137952176578784%. 세력 작업중으로 추정
[1/27/2025, 10:27:17 PM] KRW-JUP의 시가 : 1631, 현재가: 1669. 
                증가폭 2.3298589822194975%. 세력 작업중으로 추정
[1/27/2025, 10:27:41 PM] KRW-JUP의 시가 : 1631, 현재가: 1665. 
                증가폭 2.0846106683016554%. 세력 작업중으로 추정
[1/27/2025, 10:28:04 PM] KRW-JUP의 시가 : 1631, 현재가: 1667. 
                증가폭 2.2072348252605765%. 세력 작업중으로 추정
[1/27/2025, 10:28:27 PM] KRW-JUP의 시가 : 1631, 현재가: 1666. 
                증가폭 2.1459227467811157%. 세력 작업중으로 추정
[1/27/2025, 10:28:50 PM] KRW-JUP의 시가 : 1631, 현재가: 1667. 
                증가폭 2.2072348252605765%. 세력 작업중으로 추정
